{"E:\\College\\3- Senior 1\\Semester 2\\Software Engineering\\Project\\Reddit-FE\\Frontend\\src\\App.tsx": {"path":"E:\\College\\3- Senior 1\\Semester 2\\Software Engineering\\Project\\Reddit-FE\\Frontend\\src\\App.tsx","statementMap":{"0":{"start":{"line":1,"column":0},"end":{"line":1,"column":74}},"1":{"start":{"line":2,"column":0},"end":{"line":2,"column":33}},"2":{"start":{"line":3,"column":0},"end":{"line":3,"column":61}},"3":{"start":{"line":4,"column":0},"end":{"line":4,"column":59}},"4":{"start":{"line":5,"column":0},"end":{"line":5,"column":44}},"5":{"start":{"line":6,"column":0},"end":{"line":6,"column":58}},"6":{"start":{"line":7,"column":0},"end":{"line":7,"column":57}},"7":{"start":{"line":10,"column":2},"end":{"line":24,"column":4}},"8":{"start":{"line":27,"column":0},"end":{"line":27,"column":19}}},"fnMap":{"0":{"name":"App","decl":{"start":{"line":9,"column":9},"end":{"line":9,"column":12}},"loc":{"start":{"line":9,"column":12},"end":{"line":25,"column":1}}}},"branchMap":{},"s":{"0":0,"1":0,"2":0,"3":0,"4":0,"5":0,"6":0,"7":0,"8":0},"f":{"0":0},"b":{}}
,"E:\\College\\3- Senior 1\\Semester 2\\Software Engineering\\Project\\Reddit-FE\\Frontend\\src\\main.tsx": {"path":"E:\\College\\3- Senior 1\\Semester 2\\Software Engineering\\Project\\Reddit-FE\\Frontend\\src\\main.tsx","statementMap":{"0":{"start":{"line":1,"column":0},"end":{"line":1,"column":26}},"1":{"start":{"line":2,"column":0},"end":{"line":2,"column":40}},"2":{"start":{"line":3,"column":0},"end":{"line":3,"column":28}},"3":{"start":{"line":4,"column":0},"end":{"line":4,"column":21}},"4":{"start":{"line":5,"column":0},"end":{"line":5,"column":57}},"5":{"start":{"line":6,"column":0},"end":{"line":6,"column":48}},"6":{"start":{"line":7,"column":0},"end":{"line":7,"column":63}},"7":{"start":{"line":8,"column":0},"end":{"line":8,"column":62}},"8":{"start":{"line":10,"column":20},"end":{"line":10,"column":37}},"9":{"start":{"line":11,"column":0},"end":{"line":21,"column":2}}},"fnMap":{},"branchMap":{},"s":{"0":0,"1":0,"2":0,"3":0,"4":0,"5":0,"6":0,"7":0,"8":0,"9":0},"f":{},"b":{}}
,"E:\\College\\3- Senior 1\\Semester 2\\Software Engineering\\Project\\Reddit-FE\\Frontend\\src\\Components\\Button.tsx": {"path":"E:\\College\\3- Senior 1\\Semester 2\\Software Engineering\\Project\\Reddit-FE\\Frontend\\src\\Components\\Button.tsx","statementMap":{"0":{"start":{"line":1,"column":0},"end":{"line":1,"column":35}},"1":{"start":{"line":13,"column":38},"end":{"line":32,"column":1}},"2":{"start":{"line":21,"column":2},"end":{"line":31,"column":4}},"3":{"start":{"line":34,"column":0},"end":{"line":39,"column":2}},"4":{"start":{"line":41,"column":0},"end":{"line":41,"column":22}}},"fnMap":{"0":{"name":"(anonymous_0)","decl":{"start":{"line":13,"column":38},"end":{"line":13,"column":39}},"loc":{"start":{"line":20,"column":5},"end":{"line":32,"column":1}}}},"branchMap":{},"s":{"0":0,"1":0,"2":0,"3":0,"4":0},"f":{"0":0},"b":{}}
,"E:\\College\\3- Senior 1\\Semester 2\\Software Engineering\\Project\\Reddit-FE\\Frontend\\src\\Components\\ButtonContainer.tsx": {"path":"E:\\College\\3- Senior 1\\Semester 2\\Software Engineering\\Project\\Reddit-FE\\Frontend\\src\\Components\\ButtonContainer.tsx","statementMap":{"0":{"start":{"line":2,"column":0},"end":{"line":2,"column":47}},"1":{"start":{"line":9,"column":24},"end":{"line":22,"column":1}},"2":{"start":{"line":10,"column":2},"end":{"line":21,"column":4}},"3":{"start":{"line":24,"column":0},"end":{"line":24,"column":31}}},"fnMap":{"0":{"name":"(anonymous_0)","decl":{"start":{"line":9,"column":24},"end":{"line":9,"column":25}},"loc":{"start":{"line":9,"column":74},"end":{"line":22,"column":1}}}},"branchMap":{},"s":{"0":0,"1":0,"2":0,"3":0},"f":{"0":0},"b":{}}
,"E:\\College\\3- Senior 1\\Semester 2\\Software Engineering\\Project\\Reddit-FE\\Frontend\\src\\Components\\CommunityBadge.tsx": {"path":"E:\\College\\3- Senior 1\\Semester 2\\Software Engineering\\Project\\Reddit-FE\\Frontend\\src\\Components\\CommunityBadge.tsx","statementMap":{"0":{"start":{"line":1,"column":0},"end":{"line":1,"column":null}},"1":{"start":{"line":8,"column":0},"end":{"line":8,"column":59}},"2":{"start":{"line":9,"column":0},"end":{"line":9,"column":33}},"3":{"start":{"line":23,"column":23},"end":{"line":77,"column":1}},"4":{"start":{"line":32,"column":40},"end":{"line":32,"column":55}},"5":{"start":{"line":34,"column":19},"end":{"line":37,"column":4}},"6":{"start":{"line":35,"column":24},"end":{"line":35,"column":44}},"7":{"start":{"line":36,"column":24},"end":{"line":36,"column":45}},"8":{"start":{"line":39,"column":2},"end":{"line":76,"column":4}},"9":{"start":{"line":79,"column":0},"end":{"line":79,"column":30}}},"fnMap":{"0":{"name":"(anonymous_0)","decl":{"start":{"line":23,"column":23},"end":{"line":23,"column":24}},"loc":{"start":{"line":31,"column":26},"end":{"line":77,"column":1}}},"1":{"name":"(anonymous_1)","decl":{"start":{"line":35,"column":18},"end":{"line":35,"column":21}},"loc":{"start":{"line":35,"column":24},"end":{"line":35,"column":44}}},"2":{"name":"(anonymous_2)","decl":{"start":{"line":36,"column":18},"end":{"line":36,"column":21}},"loc":{"start":{"line":36,"column":24},"end":{"line":36,"column":45}}}},"branchMap":{"0":{"loc":{"start":{"line":25,"column":2},"end":{"line":25,"column":16}},"type":"default-arg","locations":[{"start":{"line":25,"column":11},"end":{"line":25,"column":16}}]}},"s":{"0":0,"1":0,"2":0,"3":0,"4":0,"5":0,"6":0,"7":0,"8":0,"9":0},"f":{"0":0,"1":0,"2":0},"b":{"0":[0]}}
,"E:\\College\\3- Senior 1\\Semester 2\\Software Engineering\\Project\\Reddit-FE\\Frontend\\src\\Components\\Form.tsx": {"path":"E:\\College\\3- Senior 1\\Semester 2\\Software Engineering\\Project\\Reddit-FE\\Frontend\\src\\Components\\Form.tsx","statementMap":{"0":{"start":{"line":2,"column":0},"end":{"line":2,"column":32}},"1":{"start":{"line":3,"column":0},"end":{"line":3,"column":35}},"2":{"start":{"line":4,"column":0},"end":{"line":4,"column":46}},"3":{"start":{"line":5,"column":0},"end":{"line":5,"column":38}},"4":{"start":{"line":6,"column":0},"end":{"line":6,"column":28}},"5":{"start":{"line":7,"column":0},"end":{"line":7,"column":30}},"6":{"start":{"line":8,"column":0},"end":{"line":8,"column":48}},"7":{"start":{"line":61,"column":37},"end":{"line":193,"column":1}},"8":{"start":{"line":75,"column":25},"end":{"line":75,"column":52}},"9":{"start":{"line":77,"column":2},"end":{"line":192,"column":4}},"10":{"start":{"line":82,"column":8},"end":{"line":84,"column":9}},"11":{"start":{"line":83,"column":10},"end":{"line":83,"column":41}},"12":{"start":{"line":85,"column":8},"end":{"line":87,"column":16}},"13":{"start":{"line":86,"column":10},"end":{"line":86,"column":31}},"14":{"start":{"line":91,"column":8},"end":{"line":188,"column":null}},"15":{"start":{"line":103,"column":22},"end":{"line":103,"column":53}},"16":{"start":{"line":103,"column":39},"end":{"line":103,"column":53}},"17":{"start":{"line":116,"column":18},"end":{"line":116,"column":31}},"18":{"start":{"line":127,"column":24},"end":{"line":127,"column":69}},"19":{"start":{"line":150,"column":18},"end":{"line":151,"column":null}},"20":{"start":{"line":156,"column":39},"end":{"line":156,"column":58}},"21":{"start":{"line":168,"column":39},"end":{"line":168,"column":58}},"22":{"start":{"line":177,"column":35},"end":{"line":177,"column":47}},"23":{"start":{"line":180,"column":35},"end":{"line":180,"column":60}},"24":{"start":{"line":195,"column":0},"end":{"line":206,"column":2}},"25":{"start":{"line":208,"column":0},"end":{"line":208,"column":22}}},"fnMap":{"0":{"name":"(anonymous_0)","decl":{"start":{"line":61,"column":37},"end":{"line":61,"column":38}},"loc":{"start":{"line":74,"column":5},"end":{"line":193,"column":1}}},"1":{"name":"(anonymous_1)","decl":{"start":{"line":81,"column":16},"end":{"line":81,"column":17}},"loc":{"start":{"line":81,"column":46},"end":{"line":88,"column":7}}},"2":{"name":"(anonymous_2)","decl":{"start":{"line":85,"column":19},"end":{"line":85,"column":22}},"loc":{"start":{"line":85,"column":24},"end":{"line":87,"column":9}}},"3":{"name":"(anonymous_3)","decl":{"start":{"line":90,"column":7},"end":{"line":90,"column":8}},"loc":{"start":{"line":91,"column":8},"end":{"line":188,"column":null}}},"4":{"name":"(anonymous_4)","decl":{"start":{"line":102,"column":32},"end":{"line":102,"column":35}},"loc":{"start":{"line":102,"column":37},"end":{"line":104,"column":21}}},"5":{"name":"(anonymous_5)","decl":{"start":{"line":115,"column":29},"end":{"line":115,"column":30}},"loc":{"start":{"line":116,"column":18},"end":{"line":116,"column":31}}},"6":{"name":"(anonymous_6)","decl":{"start":{"line":126,"column":32},"end":{"line":126,"column":33}},"loc":{"start":{"line":126,"column":38},"end":{"line":128,"column":23}}},"7":{"name":"(anonymous_7)","decl":{"start":{"line":149,"column":28},"end":{"line":149,"column":29}},"loc":{"start":{"line":150,"column":18},"end":{"line":151,"column":null}}},"8":{"name":"(anonymous_8)","decl":{"start":{"line":156,"column":28},"end":{"line":156,"column":29}},"loc":{"start":{"line":156,"column":39},"end":{"line":156,"column":58}}},"9":{"name":"(anonymous_9)","decl":{"start":{"line":168,"column":28},"end":{"line":168,"column":29}},"loc":{"start":{"line":168,"column":39},"end":{"line":168,"column":58}}},"10":{"name":"(anonymous_10)","decl":{"start":{"line":177,"column":24},"end":{"line":177,"column":25}},"loc":{"start":{"line":177,"column":35},"end":{"line":177,"column":47}}},"11":{"name":"(anonymous_11)","decl":{"start":{"line":180,"column":24},"end":{"line":180,"column":25}},"loc":{"start":{"line":180,"column":35},"end":{"line":180,"column":60}}}},"branchMap":{"0":{"loc":{"start":{"line":75,"column":36},"end":{"line":75,"column":51}},"type":"binary-expr","locations":[{"start":{"line":75,"column":36},"end":{"line":75,"column":40}},{"start":{"line":75,"column":44},"end":{"line":75,"column":51}}]},"1":{"loc":{"start":{"line":80,"column":21},"end":{"line":80,"column":34}},"type":"binary-expr","locations":[{"start":{"line":80,"column":21},"end":{"line":80,"column":28}},{"start":{"line":80,"column":32},"end":{"line":80,"column":34}}]},"2":{"loc":{"start":{"line":82,"column":8},"end":{"line":84,"column":9}},"type":"if","locations":[{"start":{"line":82,"column":8},"end":{"line":84,"column":9}}]},"3":{"loc":{"start":{"line":99,"column":15},"end":{"line":112,"column":22}},"type":"cond-expr","locations":[{"start":{"line":100,"column":16},"end":{"line":110,"column":null}},{"start":{"line":112,"column":18},"end":{"line":112,"column":22}}]},"4":{"loc":{"start":{"line":103,"column":22},"end":{"line":103,"column":53}},"type":"if","locations":[{"start":{"line":103,"column":22},"end":{"line":103,"column":53}}]},"5":{"loc":{"start":{"line":114,"column":15},"end":{"line":142,"column":18}},"type":"binary-expr","locations":[{"start":{"line":114,"column":15},"end":{"line":114,"column":23}},{"start":{"line":115,"column":16},"end":{"line":142,"column":18}}]},"6":{"loc":{"start":{"line":123,"column":24},"end":{"line":123,"column":78}},"type":"cond-expr","locations":[{"start":{"line":123,"column":36},"end":{"line":123,"column":45}},{"start":{"line":123,"column":48},"end":{"line":123,"column":78}}]},"7":{"loc":{"start":{"line":143,"column":15},"end":{"line":145,"column":22}},"type":"cond-expr","locations":[{"start":{"line":144,"column":16},"end":{"line":144,"column":74}},{"start":{"line":145,"column":18},"end":{"line":145,"column":22}}]},"8":{"loc":{"start":{"line":148,"column":15},"end":{"line":186,"column":18}},"type":"binary-expr","locations":[{"start":{"line":148,"column":15},"end":{"line":148,"column":22}},{"start":{"line":149,"column":16},"end":{"line":186,"column":18}}]},"9":{"loc":{"start":{"line":153,"column":22},"end":{"line":160,"column":56}},"type":"cond-expr","locations":[{"start":{"line":154,"column":26},"end":{"line":159,"column":58}},{"start":{"line":160,"column":26},"end":{"line":160,"column":56}}]},"10":{"loc":{"start":{"line":154,"column":26},"end":{"line":159,"column":58}},"type":"cond-expr","locations":[{"start":{"line":158,"column":28},"end":{"line":158,"column":58}},{"start":{"line":159,"column":28},"end":{"line":159,"column":58}}]},"11":{"loc":{"start":{"line":154,"column":26},"end":{"line":156,"column":null}},"type":"binary-expr","locations":[{"start":{"line":154,"column":26},"end":{"line":154,"column":63}},{"start":{"line":155,"column":26},"end":{"line":156,"column":null}}]},"12":{"loc":{"start":{"line":165,"column":23},"end":{"line":172,"column":39}},"type":"cond-expr","locations":[{"start":{"line":166,"column":26},"end":{"line":171,"column":41}},{"start":{"line":172,"column":26},"end":{"line":172,"column":39}}]},"13":{"loc":{"start":{"line":166,"column":26},"end":{"line":171,"column":41}},"type":"cond-expr","locations":[{"start":{"line":170,"column":28},"end":{"line":170,"column":44}},{"start":{"line":171,"column":28},"end":{"line":171,"column":41}}]},"14":{"loc":{"start":{"line":166,"column":26},"end":{"line":168,"column":null}},"type":"binary-expr","locations":[{"start":{"line":166,"column":26},"end":{"line":166,"column":63}},{"start":{"line":167,"column":26},"end":{"line":168,"column":null}}]},"15":{"loc":{"start":{"line":176,"column":22},"end":{"line":183,"column":35}},"type":"cond-expr","locations":[{"start":{"line":182,"column":26},"end":{"line":182,"column":38}},{"start":{"line":183,"column":26},"end":{"line":183,"column":35}}]},"16":{"loc":{"start":{"line":176,"column":22},"end":{"line":180,"column":null}},"type":"binary-expr","locations":[{"start":{"line":176,"column":22},"end":{"line":178,"column":34}},{"start":{"line":179,"column":22},"end":{"line":180,"column":null}}]}},"s":{"0":0,"1":0,"2":0,"3":0,"4":0,"5":0,"6":0,"7":0,"8":0,"9":0,"10":0,"11":0,"12":0,"13":0,"14":0,"15":0,"16":0,"17":0,"18":0,"19":0,"20":0,"21":0,"22":0,"23":0,"24":0,"25":0},"f":{"0":0,"1":0,"2":0,"3":0,"4":0,"5":0,"6":0,"7":0,"8":0,"9":0,"10":0,"11":0},"b":{"0":[0,0],"1":[0,0],"2":[0],"3":[0,0],"4":[0],"5":[0,0],"6":[0,0],"7":[0,0],"8":[0,0],"9":[0,0],"10":[0,0],"11":[0,0],"12":[0,0],"13":[0,0],"14":[0,0],"15":[0,0],"16":[0,0]}}
,"E:\\College\\3- Senior 1\\Semester 2\\Software Engineering\\Project\\Reddit-FE\\Frontend\\src\\Components\\FormHeader.tsx": {"path":"E:\\College\\3- Senior 1\\Semester 2\\Software Engineering\\Project\\Reddit-FE\\Frontend\\src\\Components\\FormHeader.tsx","statementMap":{"0":{"start":{"line":1,"column":0},"end":{"line":1,"column":35}},"1":{"start":{"line":9,"column":41},"end":{"line":18,"column":1}},"2":{"start":{"line":10,"column":2},"end":{"line":17,"column":4}},"3":{"start":{"line":20,"column":0},"end":{"line":23,"column":2}},"4":{"start":{"line":25,"column":0},"end":{"line":25,"column":26}}},"fnMap":{"0":{"name":"(anonymous_0)","decl":{"start":{"line":9,"column":41},"end":{"line":9,"column":42}},"loc":{"start":{"line":9,"column":66},"end":{"line":18,"column":1}}}},"branchMap":{},"s":{"0":0,"1":0,"2":0,"3":0,"4":0},"f":{"0":0},"b":{}}
,"E:\\College\\3- Senior 1\\Semester 2\\Software Engineering\\Project\\Reddit-FE\\Frontend\\src\\Components\\GenericAlert.tsx": {"path":"E:\\College\\3- Senior 1\\Semester 2\\Software Engineering\\Project\\Reddit-FE\\Frontend\\src\\Components\\GenericAlert.tsx","statementMap":{"0":{"start":{"line":2,"column":0},"end":{"line":2,"column":33}},"1":{"start":{"line":3,"column":0},"end":{"line":3,"column":57}},"2":{"start":{"line":4,"column":0},"end":{"line":4,"column":43}},"3":{"start":{"line":7,"column":2},"end":{"line":20,"column":4}},"4":{"start":{"line":29,"column":43},"end":{"line":56,"column":1}},"5":{"start":{"line":30,"column":26},"end":{"line":30,"column":40}},"6":{"start":{"line":32,"column":2},"end":{"line":55,"column":4}},"7":{"start":{"line":46,"column":27},"end":{"line":46,"column":41}},"8":{"start":{"line":58,"column":0},"end":{"line":58,"column":28}}},"fnMap":{"0":{"name":"Icon","decl":{"start":{"line":6,"column":9},"end":{"line":6,"column":13}},"loc":{"start":{"line":6,"column":13},"end":{"line":21,"column":1}}},"1":{"name":"(anonymous_1)","decl":{"start":{"line":29,"column":43},"end":{"line":29,"column":44}},"loc":{"start":{"line":29,"column":53},"end":{"line":56,"column":1}}},"2":{"name":"(anonymous_2)","decl":{"start":{"line":46,"column":21},"end":{"line":46,"column":24}},"loc":{"start":{"line":46,"column":27},"end":{"line":46,"column":41}}}},"branchMap":{"0":{"loc":{"start":{"line":37,"column":14},"end":{"line":37,"column":38}},"type":"binary-expr","locations":[{"start":{"line":37,"column":14},"end":{"line":37,"column":26}},{"start":{"line":37,"column":30},"end":{"line":37,"column":38}}]},"1":{"loc":{"start":{"line":38,"column":73},"end":{"line":38,"column":103}},"type":"cond-expr","locations":[{"start":{"line":38,"column":88},"end":{"line":38,"column":93}},{"start":{"line":38,"column":96},"end":{"line":38,"column":103}}]}},"s":{"0":0,"1":0,"2":0,"3":0,"4":0,"5":0,"6":0,"7":0,"8":0},"f":{"0":0,"1":0,"2":0},"b":{"0":[0,0],"1":[0,0]}}
,"E:\\College\\3- Senior 1\\Semester 2\\Software Engineering\\Project\\Reddit-FE\\Frontend\\src\\Components\\Input.tsx": {"path":"E:\\College\\3- Senior 1\\Semester 2\\Software Engineering\\Project\\Reddit-FE\\Frontend\\src\\Components\\Input.tsx","statementMap":{"0":{"start":{"line":1,"column":0},"end":{"line":1,"column":35}},"1":{"start":{"line":2,"column":0},"end":{"line":2,"column":78}},"2":{"start":{"line":3,"column":0},"end":{"line":3,"column":26}},"3":{"start":{"line":4,"column":0},"end":{"line":4,"column":47}},"4":{"start":{"line":20,"column":36},"end":{"line":77,"column":1}},"5":{"start":{"line":32,"column":34},"end":{"line":32,"column":55}},"6":{"start":{"line":33,"column":2},"end":{"line":76,"column":4}},"7":{"start":{"line":52,"column":12},"end":{"line":52,"column":30}},"8":{"start":{"line":55,"column":12},"end":{"line":55,"column":31}},"9":{"start":{"line":79,"column":0},"end":{"line":87,"column":2}},"10":{"start":{"line":89,"column":0},"end":{"line":89,"column":21}}},"fnMap":{"0":{"name":"(anonymous_0)","decl":{"start":{"line":20,"column":36},"end":{"line":20,"column":37}},"loc":{"start":{"line":31,"column":5},"end":{"line":77,"column":1}}},"1":{"name":"(anonymous_1)","decl":{"start":{"line":51,"column":18},"end":{"line":51,"column":21}},"loc":{"start":{"line":51,"column":23},"end":{"line":53,"column":11}}},"2":{"name":"(anonymous_2)","decl":{"start":{"line":54,"column":19},"end":{"line":54,"column":22}},"loc":{"start":{"line":54,"column":24},"end":{"line":56,"column":11}}}},"branchMap":{"0":{"loc":{"start":{"line":41,"column":12},"end":{"line":44,"column":25}},"type":"cond-expr","locations":[{"start":{"line":42,"column":16},"end":{"line":43,"column":153}},{"start":{"line":44,"column":16},"end":{"line":44,"column":25}}]},"1":{"loc":{"start":{"line":43,"column":118},"end":{"line":43,"column":149}},"type":"binary-expr","locations":[{"start":{"line":43,"column":118},"end":{"line":43,"column":123}},{"start":{"line":43,"column":127},"end":{"line":43,"column":149}}]},"2":{"loc":{"start":{"line":62,"column":9},"end":{"line":63,"column":null}},"type":"binary-expr","locations":[{"start":{"line":62,"column":9},"end":{"line":62,"column":15}},{"start":{"line":62,"column":19},"end":{"line":62,"column":27}},{"start":{"line":62,"column":31},"end":{"line":62,"column":39}},{"start":{"line":63,"column":10},"end":{"line":63,"column":100}}]},"3":{"loc":{"start":{"line":66,"column":7},"end":{"line":73,"column":null}},"type":"binary-expr","locations":[{"start":{"line":66,"column":7},"end":{"line":66,"column":15}},{"start":{"line":67,"column":8},"end":{"line":72,"column":null}}]}},"s":{"0":0,"1":0,"2":0,"3":0,"4":0,"5":0,"6":0,"7":0,"8":0,"9":0,"10":0},"f":{"0":0,"1":0,"2":0},"b":{"0":[0,0],"1":[0,0],"2":[0,0,0,0],"3":[0,0]}}
,"E:\\College\\3- Senior 1\\Semester 2\\Software Engineering\\Project\\Reddit-FE\\Frontend\\src\\Components\\LoginWithGoogle.tsx": {"path":"E:\\College\\3- Senior 1\\Semester 2\\Software Engineering\\Project\\Reddit-FE\\Frontend\\src\\Components\\LoginWithGoogle.tsx","statementMap":{"0":{"start":{"line":1,"column":0},"end":{"line":1,"column":42}},"1":{"start":{"line":2,"column":0},"end":{"line":2,"column":53}},"2":{"start":{"line":3,"column":0},"end":{"line":3,"column":42}},"3":{"start":{"line":6,"column":22},"end":{"line":26,"column":4}},"4":{"start":{"line":8,"column":6},"end":{"line":8,"column":60}},"5":{"start":{"line":9,"column":6},"end":{"line":20,"column":7}},"6":{"start":{"line":10,"column":25},"end":{"line":13,"column":10}},"7":{"start":{"line":14,"column":26},"end":{"line":14,"column":34}},"8":{"start":{"line":15,"column":8},"end":{"line":15,"column":45}},"9":{"start":{"line":16,"column":8},"end":{"line":16,"column":27}},"10":{"start":{"line":17,"column":8},"end":{"line":17,"column":26}},"11":{"start":{"line":19,"column":8},"end":{"line":19,"column":31}},"12":{"start":{"line":23,"column":6},"end":{"line":23,"column":43}},"13":{"start":{"line":28,"column":2},"end":{"line":38,"column":4}},"14":{"start":{"line":30,"column":21},"end":{"line":30,"column":34}},"15":{"start":{"line":40,"column":0},"end":{"line":40,"column":31}}},"fnMap":{"0":{"name":"LoginWithGoogle","decl":{"start":{"line":5,"column":9},"end":{"line":5,"column":24}},"loc":{"start":{"line":5,"column":58},"end":{"line":39,"column":1}}},"1":{"name":"(anonymous_1)","decl":{"start":{"line":7,"column":15},"end":{"line":7,"column":20}},"loc":{"start":{"line":7,"column":39},"end":{"line":21,"column":5}}},"2":{"name":"(anonymous_2)","decl":{"start":{"line":22,"column":13},"end":{"line":22,"column":16}},"loc":{"start":{"line":22,"column":18},"end":{"line":24,"column":5}}},"3":{"name":"(anonymous_3)","decl":{"start":{"line":30,"column":15},"end":{"line":30,"column":18}},"loc":{"start":{"line":30,"column":21},"end":{"line":30,"column":34}}}},"branchMap":{},"s":{"0":0,"1":0,"2":0,"3":0,"4":0,"5":0,"6":0,"7":0,"8":0,"9":0,"10":0,"11":0,"12":0,"13":0,"14":0,"15":0},"f":{"0":0,"1":0,"2":0,"3":0},"b":{}}
,"E:\\College\\3- Senior 1\\Semester 2\\Software Engineering\\Project\\Reddit-FE\\Frontend\\src\\Components\\OfflineAlert.tsx": {"path":"E:\\College\\3- Senior 1\\Semester 2\\Software Engineering\\Project\\Reddit-FE\\Frontend\\src\\Components\\OfflineAlert.tsx","statementMap":{"0":{"start":{"line":1,"column":0},"end":{"line":1,"column":44}},"1":{"start":{"line":2,"column":0},"end":{"line":2,"column":57}},"2":{"start":{"line":3,"column":0},"end":{"line":3,"column":43}},"3":{"start":{"line":6,"column":2},"end":{"line":19,"column":4}},"4":{"start":{"line":23,"column":26},"end":{"line":23,"column":53}},"5":{"start":{"line":25,"column":2},"end":{"line":37,"column":9}},"6":{"start":{"line":27,"column":6},"end":{"line":27,"column":33}},"7":{"start":{"line":30,"column":4},"end":{"line":30,"column":58}},"8":{"start":{"line":31,"column":4},"end":{"line":31,"column":59}},"9":{"start":{"line":33,"column":4},"end":{"line":36,"column":6}},"10":{"start":{"line":34,"column":6},"end":{"line":34,"column":63}},"11":{"start":{"line":35,"column":6},"end":{"line":35,"column":64}},"12":{"start":{"line":39,"column":2},"end":{"line":64,"column":4}},"13":{"start":{"line":54,"column":29},"end":{"line":54,"column":43}},"14":{"start":{"line":22,"column":0},"end":{"line":22,"column":24}}},"fnMap":{"0":{"name":"Icon","decl":{"start":{"line":5,"column":9},"end":{"line":5,"column":13}},"loc":{"start":{"line":5,"column":13},"end":{"line":20,"column":1}}},"1":{"name":"OfflineAlert","decl":{"start":{"line":22,"column":24},"end":{"line":22,"column":36}},"loc":{"start":{"line":22,"column":36},"end":{"line":65,"column":1}}},"2":{"name":"(anonymous_2)","decl":{"start":{"line":25,"column":12},"end":{"line":25,"column":15}},"loc":{"start":{"line":25,"column":17},"end":{"line":37,"column":3}}},"3":{"name":"handleOnlineStatus","decl":{"start":{"line":26,"column":13},"end":{"line":26,"column":31}},"loc":{"start":{"line":26,"column":31},"end":{"line":28,"column":5}}},"4":{"name":"(anonymous_4)","decl":{"start":{"line":33,"column":11},"end":{"line":33,"column":14}},"loc":{"start":{"line":33,"column":16},"end":{"line":36,"column":5}}},"5":{"name":"(anonymous_5)","decl":{"start":{"line":54,"column":23},"end":{"line":54,"column":26}},"loc":{"start":{"line":54,"column":29},"end":{"line":54,"column":43}}}},"branchMap":{},"s":{"0":0,"1":0,"2":0,"3":0,"4":0,"5":0,"6":0,"7":0,"8":0,"9":0,"10":0,"11":0,"12":0,"13":0,"14":0},"f":{"0":0,"1":0,"2":0,"3":0,"4":0,"5":0},"b":{}}
,"E:\\College\\3- Senior 1\\Semester 2\\Software Engineering\\Project\\Reddit-FE\\Frontend\\src\\Components\\PopUp.tsx": {"path":"E:\\College\\3- Senior 1\\Semester 2\\Software Engineering\\Project\\Reddit-FE\\Frontend\\src\\Components\\PopUp.tsx","statementMap":{"0":{"start":{"line":9,"column":36},"end":{"line":25,"column":1}},"1":{"start":{"line":10,"column":2},"end":{"line":24,"column":4}},"2":{"start":{"line":27,"column":0},"end":{"line":27,"column":21}}},"fnMap":{"0":{"name":"(anonymous_0)","decl":{"start":{"line":9,"column":36},"end":{"line":9,"column":37}},"loc":{"start":{"line":9,"column":53},"end":{"line":25,"column":1}}}},"branchMap":{},"s":{"0":0,"1":0,"2":0},"f":{"0":0},"b":{}}
,"E:\\College\\3- Senior 1\\Semester 2\\Software Engineering\\Project\\Reddit-FE\\Frontend\\src\\Components\\PostInteractionButtons.tsx": {"path":"E:\\College\\3- Senior 1\\Semester 2\\Software Engineering\\Project\\Reddit-FE\\Frontend\\src\\Components\\PostInteractionButtons.tsx","statementMap":{"0":{"start":{"line":1,"column":0},"end":{"line":1,"column":48}},"1":{"start":{"line":2,"column":0},"end":{"line":2,"column":74}},"2":{"start":{"line":3,"column":0},"end":{"line":3,"column":50}},"3":{"start":{"line":4,"column":0},"end":{"line":4,"column":null}},"4":{"start":{"line":8,"column":0},"end":{"line":8,"column":42}},"5":{"start":{"line":9,"column":0},"end":{"line":9,"column":58}},"6":{"start":{"line":10,"column":0},"end":{"line":10,"column":33}},"7":{"start":{"line":11,"column":0},"end":{"line":11,"column":47}},"8":{"start":{"line":13,"column":31},"end":{"line":115,"column":1}},"9":{"start":{"line":24,"column":30},"end":{"line":24,"column":45}},"10":{"start":{"line":25,"column":34},"end":{"line":25,"column":49}},"11":{"start":{"line":26,"column":22},"end":{"line":26,"column":38}},"12":{"start":{"line":28,"column":17},"end":{"line":43,"column":null}},"13":{"start":{"line":30,"column":6},"end":{"line":33,"column":8}},"14":{"start":{"line":37,"column":8},"end":{"line":37,"column":59}},"15":{"start":{"line":41,"column":8},"end":{"line":41,"column":29}},"16":{"start":{"line":46,"column":2},"end":{"line":46,"column":32}},"17":{"start":{"line":47,"column":2},"end":{"line":47,"column":36}},"18":{"start":{"line":49,"column":2},"end":{"line":114,"column":4}},"19":{"start":{"line":62,"column":14},"end":{"line":62,"column":33}},"20":{"start":{"line":63,"column":14},"end":{"line":63,"column":33}},"21":{"start":{"line":64,"column":14},"end":{"line":64,"column":63}},"22":{"start":{"line":82,"column":14},"end":{"line":82,"column":37}},"23":{"start":{"line":83,"column":14},"end":{"line":83,"column":31}},"24":{"start":{"line":84,"column":14},"end":{"line":84,"column":65}},"25":{"start":{"line":117,"column":0},"end":{"line":117,"column":38}}},"fnMap":{"0":{"name":"(anonymous_0)","decl":{"start":{"line":13,"column":31},"end":{"line":13,"column":32}},"loc":{"start":{"line":23,"column":5},"end":{"line":115,"column":1}}},"1":{"name":"(anonymous_1)","decl":{"start":{"line":29,"column":4},"end":{"line":29,"column":5}},"loc":{"start":{"line":30,"column":6},"end":{"line":33,"column":8}}},"2":{"name":"(anonymous_2)","decl":{"start":{"line":35,"column":17},"end":{"line":35,"column":20}},"loc":{"start":{"line":35,"column":22},"end":{"line":38,"column":7}}},"3":{"name":"(anonymous_3)","decl":{"start":{"line":39,"column":15},"end":{"line":39,"column":18}},"loc":{"start":{"line":39,"column":20},"end":{"line":42,"column":7}}},"4":{"name":"(anonymous_4)","decl":{"start":{"line":61,"column":21},"end":{"line":61,"column":24}},"loc":{"start":{"line":61,"column":26},"end":{"line":65,"column":13}}},"5":{"name":"(anonymous_5)","decl":{"start":{"line":81,"column":21},"end":{"line":81,"column":24}},"loc":{"start":{"line":81,"column":26},"end":{"line":85,"column":13}}}},"branchMap":{"0":{"loc":{"start":{"line":53,"column":21},"end":{"line":53,"column":77}},"type":"cond-expr","locations":[{"start":{"line":53,"column":30},"end":{"line":53,"column":41}},{"start":{"line":53,"column":44},"end":{"line":53,"column":77}}]},"1":{"loc":{"start":{"line":53,"column":44},"end":{"line":53,"column":77}},"type":"cond-expr","locations":[{"start":{"line":53,"column":55},"end":{"line":53,"column":72}},{"start":{"line":53,"column":75},"end":{"line":53,"column":77}}]},"2":{"loc":{"start":{"line":58,"column":14},"end":{"line":58,"column":39}},"type":"cond-expr","locations":[{"start":{"line":58,"column":23},"end":{"line":58,"column":34}},{"start":{"line":58,"column":37},"end":{"line":58,"column":39}}]},"3":{"loc":{"start":{"line":59,"column":14},"end":{"line":59,"column":52}},"type":"cond-expr","locations":[{"start":{"line":59,"column":35},"end":{"line":59,"column":47}},{"start":{"line":59,"column":50},"end":{"line":59,"column":52}}]},"4":{"loc":{"start":{"line":59,"column":14},"end":{"line":59,"column":32}},"type":"binary-expr","locations":[{"start":{"line":59,"column":14},"end":{"line":59,"column":20}},{"start":{"line":59,"column":24},"end":{"line":59,"column":32}}]},"5":{"loc":{"start":{"line":64,"column":44},"end":{"line":64,"column":59}},"type":"cond-expr","locations":[{"start":{"line":64,"column":53},"end":{"line":64,"column":55}},{"start":{"line":64,"column":58},"end":{"line":64,"column":59}}]},"6":{"loc":{"start":{"line":71,"column":37},"end":{"line":71,"column":75}},"type":"cond-expr","locations":[{"start":{"line":71,"column":58},"end":{"line":71,"column":70}},{"start":{"line":71,"column":73},"end":{"line":71,"column":75}}]},"7":{"loc":{"start":{"line":71,"column":37},"end":{"line":71,"column":55}},"type":"binary-expr","locations":[{"start":{"line":71,"column":37},"end":{"line":71,"column":43}},{"start":{"line":71,"column":47},"end":{"line":71,"column":55}}]},"8":{"loc":{"start":{"line":78,"column":14},"end":{"line":78,"column":47}},"type":"cond-expr","locations":[{"start":{"line":78,"column":25},"end":{"line":78,"column":42}},{"start":{"line":78,"column":45},"end":{"line":78,"column":47}}]},"9":{"loc":{"start":{"line":79,"column":14},"end":{"line":79,"column":52}},"type":"cond-expr","locations":[{"start":{"line":79,"column":35},"end":{"line":79,"column":47}},{"start":{"line":79,"column":50},"end":{"line":79,"column":52}}]},"10":{"loc":{"start":{"line":79,"column":14},"end":{"line":79,"column":32}},"type":"binary-expr","locations":[{"start":{"line":79,"column":14},"end":{"line":79,"column":20}},{"start":{"line":79,"column":24},"end":{"line":79,"column":32}}]},"11":{"loc":{"start":{"line":84,"column":44},"end":{"line":84,"column":61}},"type":"cond-expr","locations":[{"start":{"line":84,"column":55},"end":{"line":84,"column":56}},{"start":{"line":84,"column":59},"end":{"line":84,"column":61}}]}},"s":{"0":0,"1":0,"2":0,"3":0,"4":0,"5":0,"6":0,"7":0,"8":0,"9":0,"10":0,"11":0,"12":0,"13":0,"14":0,"15":0,"16":0,"17":0,"18":0,"19":0,"20":0,"21":0,"22":0,"23":0,"24":0,"25":0},"f":{"0":0,"1":0,"2":0,"3":0,"4":0,"5":0},"b":{"0":[0,0],"1":[0,0],"2":[0,0],"3":[0,0],"4":[0,0],"5":[0,0],"6":[0,0],"7":[0,0],"8":[0,0],"9":[0,0],"10":[0,0],"11":[0,0]}}
,"E:\\College\\3- Senior 1\\Semester 2\\Software Engineering\\Project\\Reddit-FE\\Frontend\\src\\Components\\PostsListings.tsx": {"path":"E:\\College\\3- Senior 1\\Semester 2\\Software Engineering\\Project\\Reddit-FE\\Frontend\\src\\Components\\PostsListings.tsx","statementMap":{"0":{"start":{"line":1,"column":0},"end":{"line":1,"column":39}},"1":{"start":{"line":2,"column":0},"end":{"line":2,"column":40}},"2":{"start":{"line":3,"column":0},"end":{"line":3,"column":26}},"3":{"start":{"line":4,"column":0},"end":{"line":4,"column":43}},"4":{"start":{"line":5,"column":0},"end":{"line":5,"column":52}},"5":{"start":{"line":7,"column":0},"end":{"line":7,"column":58}},"6":{"start":{"line":8,"column":0},"end":{"line":8,"column":61}},"7":{"start":{"line":10,"column":22},"end":{"line":56,"column":1}},"8":{"start":{"line":11,"column":44},"end":{"line":11,"column":55}},"9":{"start":{"line":13,"column":22},"end":{"line":13,"column":51}},"10":{"start":{"line":14,"column":38},"end":{"line":15,"column":null}},"11":{"start":{"line":18,"column":19},"end":{"line":21,"column":4}},"12":{"start":{"line":20,"column":19},"end":{"line":20,"column":77}},"13":{"start":{"line":23,"column":19},"end":{"line":23,"column":32}},"14":{"start":{"line":24,"column":24},"end":{"line":24,"column":36}},"15":{"start":{"line":26,"column":2},"end":{"line":34,"column":19}},"16":{"start":{"line":27,"column":4},"end":{"line":30,"column":5}},"17":{"start":{"line":28,"column":6},"end":{"line":28,"column":36}},"18":{"start":{"line":29,"column":6},"end":{"line":29,"column":13}},"19":{"start":{"line":31,"column":4},"end":{"line":31,"column":45}},"20":{"start":{"line":32,"column":4},"end":{"line":32,"column":23}},"21":{"start":{"line":36,"column":2},"end":{"line":55,"column":4}},"22":{"start":{"line":50,"column":12},"end":{"line":50,"column":32}},"23":{"start":{"line":58,"column":0},"end":{"line":58,"column":29}}},"fnMap":{"0":{"name":"(anonymous_0)","decl":{"start":{"line":10,"column":22},"end":{"line":10,"column":25}},"loc":{"start":{"line":10,"column":27},"end":{"line":56,"column":1}}},"1":{"name":"(anonymous_1)","decl":{"start":{"line":20,"column":13},"end":{"line":20,"column":16}},"loc":{"start":{"line":20,"column":19},"end":{"line":20,"column":77}}},"2":{"name":"(anonymous_2)","decl":{"start":{"line":26,"column":12},"end":{"line":26,"column":15}},"loc":{"start":{"line":26,"column":17},"end":{"line":34,"column":3}}},"3":{"name":"(anonymous_3)","decl":{"start":{"line":49,"column":34},"end":{"line":49,"column":35}},"loc":{"start":{"line":50,"column":12},"end":{"line":50,"column":32}}}},"branchMap":{"0":{"loc":{"start":{"line":15,"column":4},"end":{"line":15,"column":63}},"type":"binary-expr","locations":[{"start":{"line":15,"column":4},"end":{"line":15,"column":45}},{"start":{"line":15,"column":49},"end":{"line":15,"column":63}}]},"1":{"loc":{"start":{"line":15,"column":21},"end":{"line":15,"column":44}},"type":"binary-expr","locations":[{"start":{"line":15,"column":21},"end":{"line":15,"column":38}},{"start":{"line":15,"column":42},"end":{"line":15,"column":44}}]},"2":{"loc":{"start":{"line":27,"column":4},"end":{"line":30,"column":5}},"type":"if","locations":[{"start":{"line":27,"column":4},"end":{"line":30,"column":5}}]},"3":{"loc":{"start":{"line":45,"column":7},"end":{"line":45,"column":46}},"type":"binary-expr","locations":[{"start":{"line":45,"column":7},"end":{"line":45,"column":25}},{"start":{"line":45,"column":29},"end":{"line":45,"column":46}}]},"4":{"loc":{"start":{"line":46,"column":7},"end":{"line":46,"column":59}},"type":"binary-expr","locations":[{"start":{"line":46,"column":7},"end":{"line":46,"column":23}},{"start":{"line":46,"column":27},"end":{"line":46,"column":59}}]},"5":{"loc":{"start":{"line":47,"column":7},"end":{"line":52,"column":null}},"type":"binary-expr","locations":[{"start":{"line":47,"column":7},"end":{"line":47,"column":25}},{"start":{"line":48,"column":8},"end":{"line":51,"column":null}}]}},"s":{"0":0,"1":0,"2":0,"3":0,"4":0,"5":0,"6":0,"7":0,"8":0,"9":0,"10":0,"11":0,"12":0,"13":0,"14":0,"15":0,"16":0,"17":0,"18":0,"19":0,"20":0,"21":0,"22":0,"23":0},"f":{"0":0,"1":0,"2":0,"3":0},"b":{"0":[0,0],"1":[0,0],"2":[0],"3":[0,0],"4":[0,0],"5":[0,0]}}
,"E:\\College\\3- Senior 1\\Semester 2\\Software Engineering\\Project\\Reddit-FE\\Frontend\\src\\Components\\SideBar.tsx": {"path":"E:\\College\\3- Senior 1\\Semester 2\\Software Engineering\\Project\\Reddit-FE\\Frontend\\src\\Components\\SideBar.tsx","statementMap":{"0":{"start":{"line":1,"column":0},"end":{"line":1,"column":null}},"1":{"start":{"line":11,"column":0},"end":{"line":11,"column":null}},"2":{"start":{"line":20,"column":0},"end":{"line":20,"column":44}},"3":{"start":{"line":21,"column":0},"end":{"line":21,"column":54}},"4":{"start":{"line":23,"column":16},"end":{"line":99,"column":1}},"5":{"start":{"line":24,"column":21},"end":{"line":30,"column":4}},"6":{"start":{"line":32,"column":17},"end":{"line":48,"column":4}},"7":{"start":{"line":49,"column":21},"end":{"line":65,"column":4}},"8":{"start":{"line":66,"column":2},"end":{"line":98,"column":4}},"9":{"start":{"line":107,"column":26},"end":{"line":116,"column":1}},"10":{"start":{"line":108,"column":2},"end":{"line":115,"column":4}},"11":{"start":{"line":128,"column":26},"end":{"line":175,"column":1}},"12":{"start":{"line":133,"column":26},"end":{"line":133,"column":40}},"13":{"start":{"line":135,"column":2},"end":{"line":174,"column":4}},"14":{"start":{"line":148,"column":27},"end":{"line":148,"column":51}},"15":{"start":{"line":148,"column":45},"end":{"line":148,"column":50}},"16":{"start":{"line":160,"column":14},"end":{"line":160,"column":null}},"17":{"start":{"line":195,"column":0},"end":{"line":195,"column":23}}},"fnMap":{"0":{"name":"(anonymous_0)","decl":{"start":{"line":23,"column":16},"end":{"line":23,"column":17}},"loc":{"start":{"line":23,"column":58},"end":{"line":99,"column":1}}},"1":{"name":"(anonymous_1)","decl":{"start":{"line":107,"column":26},"end":{"line":107,"column":27}},"loc":{"start":{"line":107,"column":67},"end":{"line":116,"column":1}}},"2":{"name":"(anonymous_2)","decl":{"start":{"line":128,"column":26},"end":{"line":128,"column":27}},"loc":{"start":{"line":132,"column":29},"end":{"line":175,"column":1}}},"3":{"name":"(anonymous_3)","decl":{"start":{"line":148,"column":21},"end":{"line":148,"column":24}},"loc":{"start":{"line":148,"column":27},"end":{"line":148,"column":51}}},"4":{"name":"(anonymous_4)","decl":{"start":{"line":148,"column":35},"end":{"line":148,"column":36}},"loc":{"start":{"line":148,"column":45},"end":{"line":148,"column":50}}},"5":{"name":"(anonymous_5)","decl":{"start":{"line":159,"column":22},"end":{"line":159,"column":23}},"loc":{"start":{"line":160,"column":14},"end":{"line":160,"column":null}}}},"branchMap":{"0":{"loc":{"start":{"line":142,"column":63},"end":{"line":142,"column":87}},"type":"cond-expr","locations":[{"start":{"line":142,"column":70},"end":{"line":142,"column":82}},{"start":{"line":142,"column":85},"end":{"line":142,"column":87}}]}},"s":{"0":0,"1":0,"2":0,"3":0,"4":0,"5":0,"6":0,"7":0,"8":0,"9":0,"10":0,"11":0,"12":0,"13":0,"14":0,"15":0,"16":0,"17":0},"f":{"0":0,"1":0,"2":0,"3":0,"4":0,"5":0},"b":{"0":[0,0]}}
,"E:\\College\\3- Senior 1\\Semester 2\\Software Engineering\\Project\\Reddit-FE\\Frontend\\src\\Components\\SortOptions.tsx": {"path":"E:\\College\\3- Senior 1\\Semester 2\\Software Engineering\\Project\\Reddit-FE\\Frontend\\src\\Components\\SortOptions.tsx","statementMap":{"0":{"start":{"line":1,"column":0},"end":{"line":1,"column":60}},"1":{"start":{"line":2,"column":0},"end":{"line":2,"column":null}},"2":{"start":{"line":9,"column":0},"end":{"line":9,"column":33}},"3":{"start":{"line":17,"column":20},"end":{"line":53,"column":1}},"4":{"start":{"line":22,"column":34},"end":{"line":22,"column":49}},"5":{"start":{"line":24,"column":2},"end":{"line":52,"column":4}},"6":{"start":{"line":40,"column":12},"end":{"line":41,"column":null}},"7":{"start":{"line":43,"column":16},"end":{"line":43,"column":38}},"8":{"start":{"line":55,"column":0},"end":{"line":55,"column":27}}},"fnMap":{"0":{"name":"(anonymous_0)","decl":{"start":{"line":17,"column":20},"end":{"line":17,"column":21}},"loc":{"start":{"line":21,"column":23},"end":{"line":53,"column":1}}},"1":{"name":"(anonymous_1)","decl":{"start":{"line":39,"column":27},"end":{"line":39,"column":28}},"loc":{"start":{"line":40,"column":12},"end":{"line":41,"column":null}}},"2":{"name":"(anonymous_2)","decl":{"start":{"line":42,"column":23},"end":{"line":42,"column":26}},"loc":{"start":{"line":42,"column":28},"end":{"line":44,"column":15}}}},"branchMap":{"0":{"loc":{"start":{"line":33,"column":16},"end":{"line":33,"column":null}},"type":"cond-expr","locations":[{"start":{"line":33,"column":27},"end":{"line":33,"column":39}},{"start":{"line":33,"column":42},"end":{"line":33,"column":null}}]}},"s":{"0":0,"1":0,"2":0,"3":0,"4":0,"5":0,"6":0,"7":0,"8":0},"f":{"0":0,"1":0,"2":0},"b":{"0":[0,0]}}
,"E:\\College\\3- Senior 1\\Semester 2\\Software Engineering\\Project\\Reddit-FE\\Frontend\\src\\Components\\RightSideBar\\CommunityItem.tsx": {"path":"E:\\College\\3- Senior 1\\Semester 2\\Software Engineering\\Project\\Reddit-FE\\Frontend\\src\\Components\\RightSideBar\\CommunityItem.tsx","statementMap":{"0":{"start":{"line":2,"column":0},"end":{"line":2,"column":null}},"1":{"start":{"line":15,"column":52},"end":{"line":44,"column":1}},"2":{"start":{"line":16,"column":2},"end":{"line":43,"column":4}},"3":{"start":{"line":46,"column":0},"end":{"line":46,"column":29}}},"fnMap":{"0":{"name":"(anonymous_0)","decl":{"start":{"line":15,"column":52},"end":{"line":15,"column":53}},"loc":{"start":{"line":15,"column":62},"end":{"line":44,"column":1}}}},"branchMap":{},"s":{"0":0,"1":0,"2":0,"3":0},"f":{"0":0},"b":{}}
,"E:\\College\\3- Senior 1\\Semester 2\\Software Engineering\\Project\\Reddit-FE\\Frontend\\src\\Components\\RightSideBar\\CommunityList.ts": {"path":"E:\\College\\3- Senior 1\\Semester 2\\Software Engineering\\Project\\Reddit-FE\\Frontend\\src\\Components\\RightSideBar\\CommunityList.ts","statementMap":{"0":{"start":{"line":1,"column":22},"end":{"line":56,"column":2}},"1":{"start":{"line":58,"column":0},"end":{"line":58,"column":29}}},"fnMap":{},"branchMap":{},"s":{"0":0,"1":0},"f":{},"b":{}}
,"E:\\College\\3- Senior 1\\Semester 2\\Software Engineering\\Project\\Reddit-FE\\Frontend\\src\\Components\\RightSideBar\\CommunityPopup.tsx": {"path":"E:\\College\\3- Senior 1\\Semester 2\\Software Engineering\\Project\\Reddit-FE\\Frontend\\src\\Components\\RightSideBar\\CommunityPopup.tsx","statementMap":{"0":{"start":{"line":2,"column":0},"end":{"line":2,"column":44}},"1":{"start":{"line":3,"column":0},"end":{"line":3,"column":78}},"2":{"start":{"line":4,"column":0},"end":{"line":4,"column":45}},"3":{"start":{"line":5,"column":0},"end":{"line":5,"column":42}},"4":{"start":{"line":18,"column":58},"end":{"line":145,"column":1}},"5":{"start":{"line":19,"column":34},"end":{"line":19,"column":56}},"6":{"start":{"line":20,"column":38},"end":{"line":20,"column":53}},"7":{"start":{"line":22,"column":2},"end":{"line":27,"column":17}},"8":{"start":{"line":24,"column":4},"end":{"line":26,"column":5}},"9":{"start":{"line":25,"column":6},"end":{"line":25,"column":26}},"10":{"start":{"line":29,"column":23},"end":{"line":40,"column":null}},"11":{"start":{"line":31,"column":6},"end":{"line":34,"column":8}},"12":{"start":{"line":38,"column":8},"end":{"line":38,"column":29}},"13":{"start":{"line":43,"column":24},"end":{"line":54,"column":null}},"14":{"start":{"line":45,"column":6},"end":{"line":48,"column":8}},"15":{"start":{"line":52,"column":8},"end":{"line":52,"column":29}},"16":{"start":{"line":57,"column":2},"end":{"line":144,"column":4}},"17":{"start":{"line":91,"column":16},"end":{"line":91,"column":39}},"18":{"start":{"line":92,"column":16},"end":{"line":92,"column":57}},"19":{"start":{"line":102,"column":16},"end":{"line":102,"column":39}},"20":{"start":{"line":103,"column":16},"end":{"line":103,"column":37}},"21":{"start":{"line":104,"column":16},"end":{"line":104,"column":58}},"22":{"start":{"line":147,"column":0},"end":{"line":147,"column":30}}},"fnMap":{"0":{"name":"(anonymous_0)","decl":{"start":{"line":18,"column":58},"end":{"line":18,"column":59}},"loc":{"start":{"line":18,"column":68},"end":{"line":145,"column":1}}},"1":{"name":"(anonymous_1)","decl":{"start":{"line":22,"column":12},"end":{"line":22,"column":15}},"loc":{"start":{"line":22,"column":17},"end":{"line":27,"column":3}}},"2":{"name":"(anonymous_2)","decl":{"start":{"line":30,"column":4},"end":{"line":30,"column":5}},"loc":{"start":{"line":31,"column":6},"end":{"line":34,"column":8}}},"3":{"name":"(anonymous_3)","decl":{"start":{"line":36,"column":15},"end":{"line":36,"column":18}},"loc":{"start":{"line":36,"column":20},"end":{"line":39,"column":7}}},"4":{"name":"(anonymous_4)","decl":{"start":{"line":44,"column":4},"end":{"line":44,"column":5}},"loc":{"start":{"line":45,"column":6},"end":{"line":48,"column":8}}},"5":{"name":"(anonymous_5)","decl":{"start":{"line":50,"column":15},"end":{"line":50,"column":18}},"loc":{"start":{"line":50,"column":20},"end":{"line":53,"column":7}}},"6":{"name":"(anonymous_6)","decl":{"start":{"line":90,"column":23},"end":{"line":90,"column":26}},"loc":{"start":{"line":90,"column":28},"end":{"line":93,"column":15}}},"7":{"name":"(anonymous_7)","decl":{"start":{"line":101,"column":23},"end":{"line":101,"column":26}},"loc":{"start":{"line":101,"column":28},"end":{"line":105,"column":15}}}},"branchMap":{"0":{"loc":{"start":{"line":24,"column":4},"end":{"line":26,"column":5}},"type":"if","locations":[{"start":{"line":24,"column":4},"end":{"line":26,"column":5}}]},"1":{"loc":{"start":{"line":60,"column":7},"end":{"line":67,"column":null}},"type":"binary-expr","locations":[{"start":{"line":60,"column":7},"end":{"line":60,"column":32}},{"start":{"line":61,"column":8},"end":{"line":66,"column":null}}]},"2":{"loc":{"start":{"line":87,"column":11},"end":{"line":96,"column":null}},"type":"binary-expr","locations":[{"start":{"line":87,"column":11},"end":{"line":87,"column":20}},{"start":{"line":87,"column":24},"end":{"line":87,"column":34}},{"start":{"line":88,"column":12},"end":{"line":93,"column":null}}]},"3":{"loc":{"start":{"line":98,"column":11},"end":{"line":108,"column":null}},"type":"binary-expr","locations":[{"start":{"line":98,"column":11},"end":{"line":98,"column":19}},{"start":{"line":98,"column":23},"end":{"line":98,"column":33}},{"start":{"line":99,"column":12},"end":{"line":105,"column":null}}]}},"s":{"0":0,"1":0,"2":0,"3":0,"4":0,"5":0,"6":0,"7":0,"8":0,"9":0,"10":0,"11":0,"12":0,"13":0,"14":0,"15":0,"16":0,"17":0,"18":0,"19":0,"20":0,"21":0,"22":0},"f":{"0":0,"1":0,"2":0,"3":0,"4":0,"5":0,"6":0,"7":0},"b":{"0":[0],"1":[0,0],"2":[0,0,0],"3":[0,0,0]}}
,"E:\\College\\3- Senior 1\\Semester 2\\Software Engineering\\Project\\Reddit-FE\\Frontend\\src\\Components\\RightSideBar\\PopularCommunities.tsx": {"path":"E:\\College\\3- Senior 1\\Semester 2\\Software Engineering\\Project\\Reddit-FE\\Frontend\\src\\Components\\RightSideBar\\PopularCommunities.tsx","statementMap":{"0":{"start":{"line":1,"column":0},"end":{"line":1,"column":33}},"1":{"start":{"line":2,"column":0},"end":{"line":2,"column":66}},"2":{"start":{"line":3,"column":0},"end":{"line":3,"column":44}},"3":{"start":{"line":5,"column":0},"end":{"line":5,"column":39}},"4":{"start":{"line":6,"column":0},"end":{"line":6,"column":46}},"5":{"start":{"line":7,"column":0},"end":{"line":7,"column":49}},"6":{"start":{"line":16,"column":32},"end":{"line":16,"column":47}},"7":{"start":{"line":18,"column":37},"end":{"line":19,"column":null}},"8":{"start":{"line":19,"column":4},"end":{"line":19,"column":55}},"9":{"start":{"line":21,"column":2},"end":{"line":21,"column":20}},"10":{"start":{"line":23,"column":24},"end":{"line":23,"column":40}},"11":{"start":{"line":25,"column":31},"end":{"line":27,"column":31}},"12":{"start":{"line":29,"column":2},"end":{"line":29,"column":36}},"13":{"start":{"line":31,"column":2},"end":{"line":78,"column":4}},"14":{"start":{"line":47,"column":18},"end":{"line":48,"column":null}},"15":{"start":{"line":60,"column":31},"end":{"line":60,"column":47}},"16":{"start":{"line":69,"column":31},"end":{"line":69,"column":48}},"17":{"start":{"line":15,"column":0},"end":{"line":15,"column":16}}},"fnMap":{"0":{"name":"PopularCommunities","decl":{"start":{"line":15,"column":16},"end":{"line":15,"column":34}},"loc":{"start":{"line":15,"column":34},"end":{"line":79,"column":1}}},"1":{"name":"(anonymous_1)","decl":{"start":{"line":18,"column":74},"end":{"line":18,"column":77}},"loc":{"start":{"line":19,"column":4},"end":{"line":19,"column":55}}},"2":{"name":"(anonymous_2)","decl":{"start":{"line":46,"column":16},"end":{"line":46,"column":17}},"loc":{"start":{"line":47,"column":18},"end":{"line":48,"column":null}}},"3":{"name":"(anonymous_3)","decl":{"start":{"line":60,"column":25},"end":{"line":60,"column":28}},"loc":{"start":{"line":60,"column":31},"end":{"line":60,"column":47}}},"4":{"name":"(anonymous_4)","decl":{"start":{"line":69,"column":25},"end":{"line":69,"column":28}},"loc":{"start":{"line":69,"column":31},"end":{"line":69,"column":48}}}},"branchMap":{"0":{"loc":{"start":{"line":23,"column":24},"end":{"line":23,"column":40}},"type":"binary-expr","locations":[{"start":{"line":23,"column":24},"end":{"line":23,"column":34}},{"start":{"line":23,"column":38},"end":{"line":23,"column":40}}]},"1":{"loc":{"start":{"line":25,"column":31},"end":{"line":27,"column":31}},"type":"cond-expr","locations":[{"start":{"line":26,"column":6},"end":{"line":26,"column":19}},{"start":{"line":27,"column":6},"end":{"line":27,"column":31}}]},"2":{"loc":{"start":{"line":56,"column":13},"end":{"line":63,"column":null}},"type":"binary-expr","locations":[{"start":{"line":56,"column":13},"end":{"line":56,"column":21}},{"start":{"line":57,"column":14},"end":{"line":60,"column":null}}]},"3":{"loc":{"start":{"line":65,"column":13},"end":{"line":72,"column":null}},"type":"binary-expr","locations":[{"start":{"line":65,"column":13},"end":{"line":65,"column":20}},{"start":{"line":66,"column":14},"end":{"line":69,"column":null}}]}},"s":{"0":0,"1":0,"2":0,"3":0,"4":0,"5":0,"6":0,"7":0,"8":0,"9":0,"10":0,"11":0,"12":0,"13":0,"14":0,"15":0,"16":0,"17":0},"f":{"0":0,"1":0,"2":0,"3":0,"4":0},"b":{"0":[0,0],"1":[0,0],"2":[0,0],"3":[0,0]}}
,"E:\\College\\3- Senior 1\\Semester 2\\Software Engineering\\Project\\Reddit-FE\\Frontend\\src\\Components\\RightSideBar\\PostItem.tsx": {"path":"E:\\College\\3- Senior 1\\Semester 2\\Software Engineering\\Project\\Reddit-FE\\Frontend\\src\\Components\\RightSideBar\\PostItem.tsx","statementMap":{"0":{"start":{"line":2,"column":0},"end":{"line":2,"column":78}},"1":{"start":{"line":3,"column":0},"end":{"line":3,"column":47}},"2":{"start":{"line":21,"column":42},"end":{"line":65,"column":1}},"3":{"start":{"line":22,"column":2},"end":{"line":64,"column":4}},"4":{"start":{"line":67,"column":0},"end":{"line":67,"column":24}}},"fnMap":{"0":{"name":"(anonymous_0)","decl":{"start":{"line":21,"column":42},"end":{"line":21,"column":43}},"loc":{"start":{"line":21,"column":52},"end":{"line":65,"column":1}}}},"branchMap":{},"s":{"0":0,"1":0,"2":0,"3":0,"4":0},"f":{"0":0},"b":{}}
,"E:\\College\\3- Senior 1\\Semester 2\\Software Engineering\\Project\\Reddit-FE\\Frontend\\src\\Components\\RightSideBar\\PostList.ts": {"path":"E:\\College\\3- Senior 1\\Semester 2\\Software Engineering\\Project\\Reddit-FE\\Frontend\\src\\Components\\RightSideBar\\PostList.ts","statementMap":{"0":{"start":{"line":1,"column":18},"end":{"line":53,"column":2}},"1":{"start":{"line":55,"column":0},"end":{"line":55,"column":25}}},"fnMap":{},"branchMap":{},"s":{"0":0,"1":0},"f":{},"b":{}}
,"E:\\College\\3- Senior 1\\Semester 2\\Software Engineering\\Project\\Reddit-FE\\Frontend\\src\\Pages\\Mainfeed.tsx": {"path":"E:\\College\\3- Senior 1\\Semester 2\\Software Engineering\\Project\\Reddit-FE\\Frontend\\src\\Pages\\Mainfeed.tsx","statementMap":{"0":{"start":{"line":1,"column":0},"end":{"line":1,"column":58}},"1":{"start":{"line":2,"column":0},"end":{"line":2,"column":44}},"2":{"start":{"line":3,"column":0},"end":{"line":3,"column":83}},"3":{"start":{"line":4,"column":0},"end":{"line":4,"column":69}},"4":{"start":{"line":5,"column":0},"end":{"line":5,"column":56}},"5":{"start":{"line":7,"column":17},"end":{"line":28,"column":1}},"6":{"start":{"line":8,"column":2},"end":{"line":27,"column":4}},"7":{"start":{"line":30,"column":0},"end":{"line":30,"column":24}}},"fnMap":{"0":{"name":"(anonymous_0)","decl":{"start":{"line":7,"column":17},"end":{"line":7,"column":20}},"loc":{"start":{"line":7,"column":22},"end":{"line":28,"column":1}}}},"branchMap":{},"s":{"0":0,"1":0,"2":0,"3":0,"4":0,"5":0,"6":0,"7":0},"f":{"0":0},"b":{}}
,"E:\\College\\3- Senior 1\\Semester 2\\Software Engineering\\Project\\Reddit-FE\\Frontend\\src\\Pages\\UserSettings\\Containers\\Card.tsx": {"path":"E:\\College\\3- Senior 1\\Semester 2\\Software Engineering\\Project\\Reddit-FE\\Frontend\\src\\Pages\\UserSettings\\Containers\\Card.tsx","statementMap":{"0":{"start":{"line":9,"column":2},"end":{"line":21,"column":4}},"1":{"start":{"line":24,"column":0},"end":{"line":24,"column":20}}},"fnMap":{"0":{"name":"Card","decl":{"start":{"line":3,"column":9},"end":{"line":3,"column":13}},"loc":{"start":{"line":8,"column":1},"end":{"line":22,"column":1}}}},"branchMap":{"0":{"loc":{"start":{"line":11,"column":7},"end":{"line":17,"column":null}},"type":"binary-expr","locations":[{"start":{"line":11,"column":7},"end":{"line":11,"column":18}},{"start":{"line":12,"column":8},"end":{"line":16,"column":null}}]}},"s":{"0":0,"1":0},"f":{"0":0},"b":{"0":[0,0]}}
,"E:\\College\\3- Senior 1\\Semester 2\\Software Engineering\\Project\\Reddit-FE\\Frontend\\src\\Pages\\UserSettings\\Containers\\DropDownButton.tsx": {"path":"E:\\College\\3- Senior 1\\Semester 2\\Software Engineering\\Project\\Reddit-FE\\Frontend\\src\\Pages\\UserSettings\\Containers\\DropDownButton.tsx","statementMap":{"0":{"start":{"line":2,"column":0},"end":{"line":2,"column":null}},"1":{"start":{"line":9,"column":0},"end":{"line":9,"column":62}},"2":{"start":{"line":10,"column":0},"end":{"line":10,"column":26}},"3":{"start":{"line":19,"column":42},"end":{"line":19,"column":72}},"4":{"start":{"line":20,"column":26},"end":{"line":25,"column":3}},"5":{"start":{"line":21,"column":4},"end":{"line":21,"column":26}},"6":{"start":{"line":22,"column":4},"end":{"line":24,"column":5}},"7":{"start":{"line":23,"column":6},"end":{"line":23,"column":40}},"8":{"start":{"line":26,"column":2},"end":{"line":56,"column":4}},"9":{"start":{"line":43,"column":10},"end":{"line":46,"column":null}},"10":{"start":{"line":48,"column":14},"end":{"line":48,"column":36}},"11":{"start":{"line":13,"column":0},"end":{"line":13,"column":24}}},"fnMap":{"0":{"name":"DropDownButton","decl":{"start":{"line":13,"column":24},"end":{"line":13,"column":38}},"loc":{"start":{"line":18,"column":1},"end":{"line":57,"column":1}}},"1":{"name":"(anonymous_1)","decl":{"start":{"line":20,"column":26},"end":{"line":20,"column":27}},"loc":{"start":{"line":20,"column":43},"end":{"line":25,"column":3}}},"2":{"name":"(anonymous_2)","decl":{"start":{"line":42,"column":31},"end":{"line":42,"column":32}},"loc":{"start":{"line":43,"column":10},"end":{"line":46,"column":null}}},"3":{"name":"(anonymous_3)","decl":{"start":{"line":47,"column":21},"end":{"line":47,"column":24}},"loc":{"start":{"line":47,"column":26},"end":{"line":49,"column":13}}}},"branchMap":{"0":{"loc":{"start":{"line":22,"column":4},"end":{"line":24,"column":5}},"type":"if","locations":[{"start":{"line":22,"column":4},"end":{"line":24,"column":5}}]},"1":{"loc":{"start":{"line":33,"column":11},"end":{"line":33,"column":43}},"type":"binary-expr","locations":[{"start":{"line":33,"column":11},"end":{"line":33,"column":23}},{"start":{"line":33,"column":27},"end":{"line":33,"column":43}}]},"2":{"loc":{"start":{"line":45,"column":146},"end":{"line":45,"column":210}},"type":"binary-expr","locations":[{"start":{"line":45,"column":146},"end":{"line":45,"column":166}},{"start":{"line":45,"column":170},"end":{"line":45,"column":210}}]}},"s":{"0":0,"1":0,"2":0,"3":0,"4":0,"5":0,"6":0,"7":0,"8":0,"9":0,"10":0,"11":0},"f":{"0":0,"1":0,"2":0,"3":0},"b":{"0":[0],"1":[0,0],"2":[0,0]}}
,"E:\\College\\3- Senior 1\\Semester 2\\Software Engineering\\Project\\Reddit-FE\\Frontend\\src\\Pages\\UserSettings\\Containers\\Section.tsx": {"path":"E:\\College\\3- Senior 1\\Semester 2\\Software Engineering\\Project\\Reddit-FE\\Frontend\\src\\Pages\\UserSettings\\Containers\\Section.tsx","statementMap":{"0":{"start":{"line":7,"column":2},"end":{"line":14,"column":4}},"1":{"start":{"line":3,"column":0},"end":{"line":3,"column":24}}},"fnMap":{"0":{"name":"Section","decl":{"start":{"line":3,"column":24},"end":{"line":3,"column":31}},"loc":{"start":{"line":6,"column":1},"end":{"line":15,"column":1}}}},"branchMap":{},"s":{"0":0,"1":0},"f":{"0":0},"b":{}}
,"E:\\College\\3- Senior 1\\Semester 2\\Software Engineering\\Project\\Reddit-FE\\Frontend\\src\\Pages\\credential\\CheckEmail.tsx": {"path":"E:\\College\\3- Senior 1\\Semester 2\\Software Engineering\\Project\\Reddit-FE\\Frontend\\src\\Pages\\credential\\CheckEmail.tsx","statementMap":{"0":{"start":{"line":1,"column":0},"end":{"line":1,"column":45}},"1":{"start":{"line":2,"column":0},"end":{"line":2,"column":48}},"2":{"start":{"line":3,"column":0},"end":{"line":3,"column":74}},"3":{"start":{"line":4,"column":0},"end":{"line":4,"column":47}},"4":{"start":{"line":5,"column":0},"end":{"line":5,"column":48}},"5":{"start":{"line":20,"column":2},"end":{"line":61,"column":4}},"6":{"start":{"line":14,"column":0},"end":{"line":14,"column":24}}},"fnMap":{"0":{"name":"CheckEmail","decl":{"start":{"line":14,"column":24},"end":{"line":14,"column":34}},"loc":{"start":{"line":19,"column":13},"end":{"line":62,"column":1}}}},"branchMap":{},"s":{"0":0,"1":0,"2":0,"3":0,"4":0,"5":0,"6":0},"f":{"0":0},"b":{}}
,"E:\\College\\3- Senior 1\\Semester 2\\Software Engineering\\Project\\Reddit-FE\\Frontend\\src\\Pages\\credential\\Login.tsx": {"path":"E:\\College\\3- Senior 1\\Semester 2\\Software Engineering\\Project\\Reddit-FE\\Frontend\\src\\Pages\\credential\\Login.tsx","statementMap":{"0":{"start":{"line":1,"column":0},"end":{"line":1,"column":43}},"1":{"start":{"line":3,"column":0},"end":{"line":3,"column":45}},"2":{"start":{"line":4,"column":0},"end":{"line":4,"column":33}},"3":{"start":{"line":5,"column":0},"end":{"line":5,"column":74}},"4":{"start":{"line":6,"column":0},"end":{"line":6,"column":43}},"5":{"start":{"line":7,"column":0},"end":{"line":7,"column":42}},"6":{"start":{"line":16,"column":42},"end":{"line":16,"column":54}},"7":{"start":{"line":17,"column":19},"end":{"line":30,"column":4}},"8":{"start":{"line":31,"column":32},"end":{"line":38,"column":4}},"9":{"start":{"line":43,"column":39},"end":{"line":43,"column":69}},"10":{"start":{"line":45,"column":19},"end":{"line":56,"column":4}},"11":{"start":{"line":47,"column":24},"end":{"line":47,"column":32}},"12":{"start":{"line":48,"column":6},"end":{"line":48,"column":43}},"13":{"start":{"line":49,"column":6},"end":{"line":49,"column":26}},"14":{"start":{"line":50,"column":6},"end":{"line":50,"column":25}},"15":{"start":{"line":51,"column":6},"end":{"line":51,"column":24}},"16":{"start":{"line":54,"column":6},"end":{"line":54,"column":39}},"17":{"start":{"line":58,"column":25},"end":{"line":63,"column":3}},"18":{"start":{"line":59,"column":4},"end":{"line":62,"column":7}},"19":{"start":{"line":64,"column":2},"end":{"line":64,"column":32}},"20":{"start":{"line":66,"column":2},"end":{"line":134,"column":4}},"21":{"start":{"line":88,"column":14},"end":{"line":88,"column":33}},"22":{"start":{"line":97,"column":22},"end":{"line":97,"column":41}},"23":{"start":{"line":98,"column":22},"end":{"line":98,"column":43}},"24":{"start":{"line":107,"column":22},"end":{"line":107,"column":41}},"25":{"start":{"line":108,"column":22},"end":{"line":108,"column":43}},"26":{"start":{"line":120,"column":22},"end":{"line":120,"column":41}},"27":{"start":{"line":121,"column":22},"end":{"line":121,"column":41}},"28":{"start":{"line":9,"column":0},"end":{"line":9,"column":24}}},"fnMap":{"0":{"name":"Login","decl":{"start":{"line":9,"column":24},"end":{"line":9,"column":29}},"loc":{"start":{"line":15,"column":1},"end":{"line":135,"column":1}}},"1":{"name":"(anonymous_1)","decl":{"start":{"line":46,"column":15},"end":{"line":46,"column":16}},"loc":{"start":{"line":46,"column":28},"end":{"line":52,"column":5}}},"2":{"name":"(anonymous_2)","decl":{"start":{"line":53,"column":13},"end":{"line":53,"column":16}},"loc":{"start":{"line":53,"column":18},"end":{"line":55,"column":5}}},"3":{"name":"(anonymous_3)","decl":{"start":{"line":58,"column":25},"end":{"line":58,"column":26}},"loc":{"start":{"line":58,"column":44},"end":{"line":63,"column":3}}},"4":{"name":"(anonymous_4)","decl":{"start":{"line":87,"column":25},"end":{"line":87,"column":28}},"loc":{"start":{"line":87,"column":30},"end":{"line":89,"column":13}}},"5":{"name":"(anonymous_5)","decl":{"start":{"line":96,"column":29},"end":{"line":96,"column":32}},"loc":{"start":{"line":96,"column":34},"end":{"line":99,"column":21}}},"6":{"name":"(anonymous_6)","decl":{"start":{"line":106,"column":29},"end":{"line":106,"column":32}},"loc":{"start":{"line":106,"column":34},"end":{"line":109,"column":21}}},"7":{"name":"(anonymous_7)","decl":{"start":{"line":119,"column":29},"end":{"line":119,"column":32}},"loc":{"start":{"line":119,"column":34},"end":{"line":122,"column":21}}}},"branchMap":{},"s":{"0":0,"1":0,"2":0,"3":0,"4":0,"5":0,"6":0,"7":0,"8":0,"9":0,"10":0,"11":0,"12":0,"13":0,"14":0,"15":0,"16":0,"17":0,"18":0,"19":0,"20":0,"21":0,"22":0,"23":0,"24":0,"25":0,"26":0,"27":0,"28":0},"f":{"0":0,"1":0,"2":0,"3":0,"4":0,"5":0,"6":0,"7":0},"b":{}}
,"E:\\College\\3- Senior 1\\Semester 2\\Software Engineering\\Project\\Reddit-FE\\Frontend\\src\\Pages\\credential\\RecoverUsername.tsx": {"path":"E:\\College\\3- Senior 1\\Semester 2\\Software Engineering\\Project\\Reddit-FE\\Frontend\\src\\Pages\\credential\\RecoverUsername.tsx","statementMap":{"0":{"start":{"line":1,"column":0},"end":{"line":1,"column":43}},"1":{"start":{"line":3,"column":0},"end":{"line":3,"column":74}},"2":{"start":{"line":4,"column":0},"end":{"line":4,"column":45}},"3":{"start":{"line":5,"column":0},"end":{"line":5,"column":33}},"4":{"start":{"line":6,"column":0},"end":{"line":6,"column":38}},"5":{"start":{"line":7,"column":0},"end":{"line":7,"column":43}},"6":{"start":{"line":8,"column":0},"end":{"line":8,"column":47}},"7":{"start":{"line":9,"column":0},"end":{"line":9,"column":42}},"8":{"start":{"line":17,"column":42},"end":{"line":17,"column":54}},"9":{"start":{"line":18,"column":46},"end":{"line":18,"column":58}},"10":{"start":{"line":19,"column":19},"end":{"line":26,"column":4}},"11":{"start":{"line":27,"column":32},"end":{"line":34,"column":4}},"12":{"start":{"line":38,"column":39},"end":{"line":38,"column":52}},"13":{"start":{"line":40,"column":19},"end":{"line":48,"column":4}},"14":{"start":{"line":42,"column":6},"end":{"line":42,"column":42}},"15":{"start":{"line":43,"column":6},"end":{"line":43,"column":26}},"16":{"start":{"line":46,"column":6},"end":{"line":46,"column":50}},"17":{"start":{"line":50,"column":25},"end":{"line":55,"column":3}},"18":{"start":{"line":51,"column":4},"end":{"line":54,"column":7}},"19":{"start":{"line":57,"column":2},"end":{"line":119,"column":4}},"20":{"start":{"line":59,"column":31},"end":{"line":59,"column":52}},"21":{"start":{"line":60,"column":29},"end":{"line":60,"column":50}},"22":{"start":{"line":70,"column":14},"end":{"line":70,"column":33}},"23":{"start":{"line":71,"column":14},"end":{"line":71,"column":37}},"24":{"start":{"line":98,"column":18},"end":{"line":98,"column":37}},"25":{"start":{"line":99,"column":18},"end":{"line":99,"column":41}},"26":{"start":{"line":107,"column":18},"end":{"line":107,"column":37}},"27":{"start":{"line":108,"column":18},"end":{"line":108,"column":37}},"28":{"start":{"line":11,"column":0},"end":{"line":11,"column":24}}},"fnMap":{"0":{"name":"RecoverUsername","decl":{"start":{"line":11,"column":24},"end":{"line":11,"column":39}},"loc":{"start":{"line":16,"column":1},"end":{"line":120,"column":1}}},"1":{"name":"(anonymous_1)","decl":{"start":{"line":41,"column":15},"end":{"line":41,"column":16}},"loc":{"start":{"line":41,"column":28},"end":{"line":44,"column":5}}},"2":{"name":"(anonymous_2)","decl":{"start":{"line":45,"column":13},"end":{"line":45,"column":16}},"loc":{"start":{"line":45,"column":18},"end":{"line":47,"column":5}}},"3":{"name":"(anonymous_3)","decl":{"start":{"line":50,"column":25},"end":{"line":50,"column":26}},"loc":{"start":{"line":50,"column":44},"end":{"line":55,"column":3}}},"4":{"name":"(anonymous_4)","decl":{"start":{"line":59,"column":25},"end":{"line":59,"column":28}},"loc":{"start":{"line":59,"column":31},"end":{"line":59,"column":52}}},"5":{"name":"(anonymous_5)","decl":{"start":{"line":60,"column":23},"end":{"line":60,"column":26}},"loc":{"start":{"line":60,"column":29},"end":{"line":60,"column":50}}},"6":{"name":"(anonymous_6)","decl":{"start":{"line":69,"column":21},"end":{"line":69,"column":24}},"loc":{"start":{"line":69,"column":26},"end":{"line":72,"column":13}}},"7":{"name":"(anonymous_7)","decl":{"start":{"line":97,"column":25},"end":{"line":97,"column":28}},"loc":{"start":{"line":97,"column":30},"end":{"line":100,"column":17}}},"8":{"name":"(anonymous_8)","decl":{"start":{"line":106,"column":25},"end":{"line":106,"column":28}},"loc":{"start":{"line":106,"column":30},"end":{"line":109,"column":17}}}},"branchMap":{"0":{"loc":{"start":{"line":57,"column":9},"end":{"line":118,"column":null}},"type":"cond-expr","locations":[{"start":{"line":58,"column":4},"end":{"line":62,"column":null}},{"start":{"line":65,"column":4},"end":{"line":117,"column":null}}]}},"s":{"0":0,"1":0,"2":0,"3":0,"4":0,"5":0,"6":0,"7":0,"8":0,"9":0,"10":0,"11":0,"12":0,"13":0,"14":0,"15":0,"16":0,"17":0,"18":0,"19":0,"20":0,"21":0,"22":0,"23":0,"24":0,"25":0,"26":0,"27":0,"28":0},"f":{"0":0,"1":0,"2":0,"3":0,"4":0,"5":0,"6":0,"7":0,"8":0},"b":{"0":[0,0]}}
,"E:\\College\\3- Senior 1\\Semester 2\\Software Engineering\\Project\\Reddit-FE\\Frontend\\src\\assets\\icons\\Icons.tsx": {"path":"E:\\College\\3- Senior 1\\Semester 2\\Software Engineering\\Project\\Reddit-FE\\Frontend\\src\\assets\\icons\\Icons.tsx","statementMap":{"0":{"start":{"line":7,"column":29},"end":{"line":17,"column":null}},"1":{"start":{"line":8,"column":2},"end":{"line":16,"column":null}},"2":{"start":{"line":7,"column":13},"end":{"line":7,"column":29}},"3":{"start":{"line":20,"column":25},"end":{"line":30,"column":null}},"4":{"start":{"line":21,"column":2},"end":{"line":29,"column":null}},"5":{"start":{"line":20,"column":13},"end":{"line":20,"column":25}}},"fnMap":{"0":{"name":"(anonymous_0)","decl":{"start":{"line":7,"column":29},"end":{"line":7,"column":30}},"loc":{"start":{"line":8,"column":2},"end":{"line":16,"column":null}}},"1":{"name":"(anonymous_1)","decl":{"start":{"line":20,"column":25},"end":{"line":20,"column":26}},"loc":{"start":{"line":21,"column":2},"end":{"line":29,"column":null}}}},"branchMap":{},"s":{"0":0,"1":0,"2":0,"3":0,"4":0,"5":0},"f":{"0":0,"1":0},"b":{}}
,"E:\\College\\3- Senior 1\\Semester 2\\Software Engineering\\Project\\Reddit-FE\\Frontend\\src\\assets\\icons\\Logo.tsx": {"path":"E:\\College\\3- Senior 1\\Semester 2\\Software Engineering\\Project\\Reddit-FE\\Frontend\\src\\assets\\icons\\Logo.tsx","statementMap":{"0":{"start":{"line":7,"column":13},"end":{"line":16,"column":1}},"1":{"start":{"line":8,"column":2},"end":{"line":15,"column":4}},"2":{"start":{"line":18,"column":24},"end":{"line":236,"column":1}},"3":{"start":{"line":19,"column":2},"end":{"line":235,"column":4}},"4":{"start":{"line":18,"column":13},"end":{"line":18,"column":24}},"5":{"start":{"line":238,"column":24},"end":{"line":257,"column":1}},"6":{"start":{"line":239,"column":2},"end":{"line":256,"column":4}},"7":{"start":{"line":238,"column":13},"end":{"line":238,"column":24}},"8":{"start":{"line":259,"column":0},"end":{"line":259,"column":20}}},"fnMap":{"0":{"name":"(anonymous_0)","decl":{"start":{"line":7,"column":13},"end":{"line":7,"column":14}},"loc":{"start":{"line":7,"column":35},"end":{"line":16,"column":1}}},"1":{"name":"(anonymous_1)","decl":{"start":{"line":18,"column":24},"end":{"line":18,"column":25}},"loc":{"start":{"line":18,"column":46},"end":{"line":236,"column":1}}},"2":{"name":"(anonymous_2)","decl":{"start":{"line":238,"column":24},"end":{"line":238,"column":25}},"loc":{"start":{"line":238,"column":46},"end":{"line":257,"column":1}}}},"branchMap":{},"s":{"0":0,"1":0,"2":0,"3":0,"4":0,"5":0,"6":0,"7":0,"8":0},"f":{"0":0,"1":0,"2":0},"b":{}}
,"E:\\College\\3- Senior 1\\Semester 2\\Software Engineering\\Project\\Reddit-FE\\Frontend\\src\\utils\\helper_functions.ts": {"path":"E:\\College\\3- Senior 1\\Semester 2\\Software Engineering\\Project\\Reddit-FE\\Frontend\\src\\utils\\helper_functions.ts","statementMap":{"0":{"start":{"line":1,"column":0},"end":{"line":1,"column":45}},"1":{"start":{"line":2,"column":0},"end":{"line":2,"column":41}},"2":{"start":{"line":3,"column":0},"end":{"line":3,"column":28}},"3":{"start":{"line":6,"column":2},"end":{"line":6,"column":31}},"4":{"start":{"line":5,"column":0},"end":{"line":5,"column":16}},"5":{"start":{"line":10,"column":2},"end":{"line":10,"column":52}},"6":{"start":{"line":9,"column":0},"end":{"line":9,"column":16}},"7":{"start":{"line":13,"column":28},"end":{"line":36,"column":1}},"8":{"start":{"line":14,"column":20},"end":{"line":14,"column":40}},"9":{"start":{"line":15,"column":33},"end":{"line":15,"column":73}},"10":{"start":{"line":16,"column":28},"end":{"line":16,"column":69}},"11":{"start":{"line":17,"column":28},"end":{"line":17,"column":62}},"12":{"start":{"line":18,"column":26},"end":{"line":18,"column":60}},"13":{"start":{"line":19,"column":25},"end":{"line":19,"column":57}},"14":{"start":{"line":20,"column":27},"end":{"line":20,"column":58}},"15":{"start":{"line":21,"column":26},"end":{"line":21,"column":59}},"16":{"start":{"line":23,"column":2},"end":{"line":35,"column":3}},"17":{"start":{"line":24,"column":4},"end":{"line":24,"column":74}},"18":{"start":{"line":25,"column":9},"end":{"line":35,"column":3}},"19":{"start":{"line":26,"column":4},"end":{"line":26,"column":77}},"20":{"start":{"line":27,"column":9},"end":{"line":35,"column":3}},"21":{"start":{"line":28,"column":4},"end":{"line":28,"column":71}},"22":{"start":{"line":29,"column":9},"end":{"line":35,"column":3}},"23":{"start":{"line":30,"column":4},"end":{"line":30,"column":73}},"24":{"start":{"line":31,"column":9},"end":{"line":35,"column":3}},"25":{"start":{"line":32,"column":4},"end":{"line":32,"column":78}},"26":{"start":{"line":34,"column":4},"end":{"line":34,"column":78}},"27":{"start":{"line":13,"column":13},"end":{"line":13,"column":28}},"28":{"start":{"line":39,"column":22},"end":{"line":39,"column":30}},"29":{"start":{"line":40,"column":18},"end":{"line":40,"column":30}},"30":{"start":{"line":41,"column":19},"end":{"line":41,"column":61}},"31":{"start":{"line":43,"column":2},"end":{"line":55,"column":3}},"32":{"start":{"line":44,"column":4},"end":{"line":44,"column":48}},"33":{"start":{"line":45,"column":9},"end":{"line":55,"column":3}},"34":{"start":{"line":46,"column":4},"end":{"line":46,"column":49}},"35":{"start":{"line":47,"column":9},"end":{"line":55,"column":3}},"36":{"start":{"line":48,"column":4},"end":{"line":48,"column":47}},"37":{"start":{"line":49,"column":9},"end":{"line":55,"column":3}},"38":{"start":{"line":50,"column":4},"end":{"line":50,"column":48}},"39":{"start":{"line":51,"column":9},"end":{"line":55,"column":3}},"40":{"start":{"line":52,"column":4},"end":{"line":52,"column":50}},"41":{"start":{"line":54,"column":4},"end":{"line":54,"column":32}},"42":{"start":{"line":38,"column":0},"end":{"line":38,"column":16}}},"fnMap":{"0":{"name":"cn","decl":{"start":{"line":5,"column":16},"end":{"line":5,"column":18}},"loc":{"start":{"line":5,"column":42},"end":{"line":7,"column":1}}},"1":{"name":"capitalizeString","decl":{"start":{"line":9,"column":16},"end":{"line":9,"column":32}},"loc":{"start":{"line":9,"column":44},"end":{"line":11,"column":1}}},"2":{"name":"(anonymous_2)","decl":{"start":{"line":13,"column":28},"end":{"line":13,"column":29}},"loc":{"start":{"line":13,"column":43},"end":{"line":36,"column":1}}},"3":{"name":"getTimeDifference","decl":{"start":{"line":38,"column":16},"end":{"line":38,"column":33}},"loc":{"start":{"line":38,"column":46},"end":{"line":56,"column":1}}}},"branchMap":{"0":{"loc":{"start":{"line":23,"column":2},"end":{"line":35,"column":3}},"type":"if","locations":[{"start":{"line":23,"column":2},"end":{"line":35,"column":3}},{"start":{"line":25,"column":9},"end":{"line":35,"column":3}}]},"1":{"loc":{"start":{"line":24,"column":37},"end":{"line":24,"column":67}},"type":"cond-expr","locations":[{"start":{"line":24,"column":59},"end":{"line":24,"column":62}},{"start":{"line":24,"column":65},"end":{"line":24,"column":67}}]},"2":{"loc":{"start":{"line":25,"column":9},"end":{"line":35,"column":3}},"type":"if","locations":[{"start":{"line":25,"column":9},"end":{"line":35,"column":3}},{"start":{"line":27,"column":9},"end":{"line":35,"column":3}}]},"3":{"loc":{"start":{"line":26,"column":39},"end":{"line":26,"column":70}},"type":"cond-expr","locations":[{"start":{"line":26,"column":62},"end":{"line":26,"column":65}},{"start":{"line":26,"column":68},"end":{"line":26,"column":70}}]},"4":{"loc":{"start":{"line":27,"column":9},"end":{"line":35,"column":3}},"type":"if","locations":[{"start":{"line":27,"column":9},"end":{"line":35,"column":3}},{"start":{"line":29,"column":9},"end":{"line":35,"column":3}}]},"5":{"loc":{"start":{"line":28,"column":35},"end":{"line":28,"column":64}},"type":"cond-expr","locations":[{"start":{"line":28,"column":56},"end":{"line":28,"column":59}},{"start":{"line":28,"column":62},"end":{"line":28,"column":64}}]},"6":{"loc":{"start":{"line":29,"column":9},"end":{"line":35,"column":3}},"type":"if","locations":[{"start":{"line":29,"column":9},"end":{"line":35,"column":3}},{"start":{"line":31,"column":9},"end":{"line":35,"column":3}}]},"7":{"loc":{"start":{"line":30,"column":35},"end":{"line":30,"column":66}},"type":"cond-expr","locations":[{"start":{"line":30,"column":57},"end":{"line":30,"column":61}},{"start":{"line":30,"column":64},"end":{"line":30,"column":66}}]},"8":{"loc":{"start":{"line":31,"column":9},"end":{"line":35,"column":3}},"type":"if","locations":[{"start":{"line":31,"column":9},"end":{"line":35,"column":3}},{"start":{"line":33,"column":9},"end":{"line":35,"column":3}}]},"9":{"loc":{"start":{"line":32,"column":38},"end":{"line":32,"column":71}},"type":"cond-expr","locations":[{"start":{"line":32,"column":62},"end":{"line":32,"column":66}},{"start":{"line":32,"column":69},"end":{"line":32,"column":71}}]},"10":{"loc":{"start":{"line":34,"column":38},"end":{"line":34,"column":71}},"type":"cond-expr","locations":[{"start":{"line":34,"column":62},"end":{"line":34,"column":66}},{"start":{"line":34,"column":69},"end":{"line":34,"column":71}}]},"11":{"loc":{"start":{"line":43,"column":2},"end":{"line":55,"column":3}},"type":"if","locations":[{"start":{"line":43,"column":2},"end":{"line":55,"column":3}},{"start":{"line":45,"column":9},"end":{"line":55,"column":3}}]},"12":{"loc":{"start":{"line":45,"column":9},"end":{"line":55,"column":3}},"type":"if","locations":[{"start":{"line":45,"column":9},"end":{"line":55,"column":3}},{"start":{"line":47,"column":9},"end":{"line":55,"column":3}}]},"13":{"loc":{"start":{"line":47,"column":9},"end":{"line":55,"column":3}},"type":"if","locations":[{"start":{"line":47,"column":9},"end":{"line":55,"column":3}},{"start":{"line":49,"column":9},"end":{"line":55,"column":3}}]},"14":{"loc":{"start":{"line":49,"column":9},"end":{"line":55,"column":3}},"type":"if","locations":[{"start":{"line":49,"column":9},"end":{"line":55,"column":3}},{"start":{"line":51,"column":9},"end":{"line":55,"column":3}}]},"15":{"loc":{"start":{"line":51,"column":9},"end":{"line":55,"column":3}},"type":"if","locations":[{"start":{"line":51,"column":9},"end":{"line":55,"column":3}},{"start":{"line":53,"column":9},"end":{"line":55,"column":3}}]}},"s":{"0":0,"1":0,"2":0,"3":0,"4":0,"5":0,"6":0,"7":0,"8":0,"9":0,"10":0,"11":0,"12":0,"13":0,"14":0,"15":0,"16":0,"17":0,"18":0,"19":0,"20":0,"21":0,"22":0,"23":0,"24":0,"25":0,"26":0,"27":0,"28":0,"29":0,"30":0,"31":0,"32":0,"33":0,"34":0,"35":0,"36":0,"37":0,"38":0,"39":0,"40":0,"41":0,"42":0},"f":{"0":0,"1":0,"2":0,"3":0},"b":{"0":[0,0],"1":[0,0],"2":[0,0],"3":[0,0],"4":[0,0],"5":[0,0],"6":[0,0],"7":[0,0],"8":[0,0],"9":[0,0],"10":[0,0],"11":[0,0],"12":[0,0],"13":[0,0],"14":[0,0],"15":[0,0]}}
,"E:\\College\\3- Senior 1\\Semester 2\\Software Engineering\\Project\\Reddit-FE\\Frontend\\src\\utils\\theme_config.ts": {"path":"E:\\College\\3- Senior 1\\Semester 2\\Software Engineering\\Project\\Reddit-FE\\Frontend\\src\\utils\\theme_config.ts","statementMap":{"0":{"start":{"line":3,"column":33},"end":{"line":32,"column":2}},"1":{"start":{"line":34,"column":37},"end":{"line":40,"column":2}},"2":{"start":{"line":42,"column":13},"end":{"line":45,"column":2}}},"fnMap":{},"branchMap":{},"s":{"0":0,"1":0,"2":0},"f":{},"b":{}}
,"E:\\College\\3- Senior 1\\Semester 2\\Software Engineering\\Project\\Reddit-FE\\Frontend\\src\\validate\\validate.ts": {"path":"E:\\College\\3- Senior 1\\Semester 2\\Software Engineering\\Project\\Reddit-FE\\Frontend\\src\\validate\\validate.ts","statementMap":{"0":{"start":{"line":1,"column":0},"end":{"line":1,"column":27}},"1":{"start":{"line":2,"column":0},"end":{"line":2,"column":52}},"2":{"start":{"line":28,"column":19},"end":{"line":55,"column":1}},"3":{"start":{"line":29,"column":33},"end":{"line":51,"column":4}},"4":{"start":{"line":53,"column":17},"end":{"line":53,"column":53}},"5":{"start":{"line":54,"column":2},"end":{"line":54,"column":16}},"6":{"start":{"line":56,"column":0},"end":{"line":56,"column":26}}},"fnMap":{"0":{"name":"(anonymous_0)","decl":{"start":{"line":28,"column":19},"end":{"line":28,"column":20}},"loc":{"start":{"line":28,"column":46},"end":{"line":55,"column":1}}}},"branchMap":{},"s":{"0":0,"1":0,"2":0,"3":0,"4":0,"5":0,"6":0},"f":{"0":0},"b":{}}
,"E:\\College\\3- Senior 1\\Semester 2\\Software Engineering\\Project\\Reddit-FE\\Frontend\\src\\validate\\validateSchema.ts": {"path":"E:\\College\\3- Senior 1\\Semester 2\\Software Engineering\\Project\\Reddit-FE\\Frontend\\src\\validate\\validateSchema.ts","statementMap":{"0":{"start":{"line":1,"column":0},"end":{"line":1,"column":27}},"1":{"start":{"line":3,"column":13},"end":{"line":23,"column":2}}},"fnMap":{},"branchMap":{},"s":{"0":0,"1":0},"f":{},"b":{}}
}
